Info: Starting: Create block symbol file (.bsf)
Info: qsys-generate C:\projects\SoC-Nios\nios_system.qsys --block-symbol-file --output-directory=C:\projects\SoC-Nios\nios_system --family="Cyclone IV E" --part=EP4CE10E22A7
Progress: Loading SoC-Nios/nios_system.qsys
Progress: Reading input file
Progress: Adding clk_0 [clock_source 17.0]
Progress: Parameterizing module clk_0
Progress: Adding jtag_uart_0 [altera_avalon_jtag_uart 17.0]
Progress: Parameterizing module jtag_uart_0
Progress: Adding nios2_gen2_0 [altera_nios2_gen2 17.0]
Progress: Parameterizing module nios2_gen2_0
Progress: Adding onchip_memory2_0 [altera_avalon_onchip_memory2 17.0]
Progress: Parameterizing module onchip_memory2_0
Progress: Adding pio_0 [altera_avalon_pio 17.0]
Progress: Parameterizing module pio_0
Progress: Adding sysid_qsys_0 [altera_avalon_sysid_qsys 17.0]
Progress: Parameterizing module sysid_qsys_0
Progress: Adding timer_0 [altera_avalon_timer 17.0]
Progress: Parameterizing module timer_0
Progress: Building connections
Progress: Parameterizing connections
Progress: Validating
Progress: Done reading input file
Info: nios_system.jtag_uart_0: JTAG UART IP input clock need to be at least double (2x) the operating frequency of JTAG TCK on board
Info: nios_system.sysid_qsys_0: System ID is not assigned automatically. Edit the System ID parameter to provide a unique ID
Info: nios_system.sysid_qsys_0: Time stamp will be automatically updated when this component is generated.
Info: qsys-generate succeeded.
Info: Finished: Create block symbol file (.bsf)
Info: 
Info: Starting: Create HDL design files for synthesis
Info: qsys-generate C:\projects\SoC-Nios\nios_system.qsys --synthesis=VERILOG --output-directory=C:\projects\SoC-Nios\nios_system\synthesis --family="Cyclone IV E" --part=EP4CE10E22A7
Progress: Loading SoC-Nios/nios_system.qsys
Progress: Reading input file
Progress: Adding clk_0 [clock_source 17.0]
Progress: Parameterizing module clk_0
Progress: Adding jtag_uart_0 [altera_avalon_jtag_uart 17.0]
Progress: Parameterizing module jtag_uart_0
Progress: Adding nios2_gen2_0 [altera_nios2_gen2 17.0]
Progress: Parameterizing module nios2_gen2_0
Progress: Adding onchip_memory2_0 [altera_avalon_onchip_memory2 17.0]
Progress: Parameterizing module onchip_memory2_0
Progress: Adding pio_0 [altera_avalon_pio 17.0]
Progress: Parameterizing module pio_0
Progress: Adding sysid_qsys_0 [altera_avalon_sysid_qsys 17.0]
Progress: Parameterizing module sysid_qsys_0
Progress: Adding timer_0 [altera_avalon_timer 17.0]
Progress: Parameterizing module timer_0
Progress: Building connections
Progress: Parameterizing connections
Progress: Validating
Progress: Done reading input file
Info: nios_system.jtag_uart_0: JTAG UART IP input clock need to be at least double (2x) the operating frequency of JTAG TCK on board
Info: nios_system.sysid_qsys_0: System ID is not assigned automatically. Edit the System ID parameter to provide a unique ID
Info: nios_system.sysid_qsys_0: Time stamp will be automatically updated when this component is generated.
Info: nios_system: Generating nios_system "nios_system" for QUARTUS_SYNTH
Info: jtag_uart_0: Starting RTL generation for module 'nios_system_jtag_uart_0'
Info: jtag_uart_0:   Generation command is [exec C:/intelfpga_lite/17.0/quartus/bin64/perl/bin/perl.exe -I C:/intelfpga_lite/17.0/quartus/bin64/perl/lib -I C:/intelfpga_lite/17.0/quartus/sopc_builder/bin/europa -I C:/intelfpga_lite/17.0/quartus/sopc_builder/bin/perl_lib -I C:/intelfpga_lite/17.0/quartus/sopc_builder/bin -I C:/intelfpga_lite/17.0/quartus/../ip/altera/sopc_builder_ip/common -I C:/intelfpga_lite/17.0/quartus/../ip/altera/sopc_builder_ip/altera_avalon_jtag_uart -- C:/intelfpga_lite/17.0/quartus/../ip/altera/sopc_builder_ip/altera_avalon_jtag_uart/generate_rtl.pl --name=nios_system_jtag_uart_0 --dir=C:/Users/hp/AppData/Local/Temp/alt8174_3294450016348747742.dir/0001_jtag_uart_0_gen/ --quartus_dir=C:/intelfpga_lite/17.0/quartus --verilog --config=C:/Users/hp/AppData/Local/Temp/alt8174_3294450016348747742.dir/0001_jtag_uart_0_gen//nios_system_jtag_uart_0_component_configuration.pl  --do_build_sim=0  ]
Info: jtag_uart_0: Done RTL generation for module 'nios_system_jtag_uart_0'
Info: jtag_uart_0: "nios_system" instantiated altera_avalon_jtag_uart "jtag_uart_0"
Info: nios2_gen2_0: "nios_system" instantiated altera_nios2_gen2 "nios2_gen2_0"
Info: onchip_memory2_0: Starting RTL generation for module 'nios_system_onchip_memory2_0'
Info: onchip_memory2_0:   Generation command is [exec C:/intelfpga_lite/17.0/quartus/bin64/perl/bin/perl.exe -I C:/intelfpga_lite/17.0/quartus/bin64/perl/lib -I C:/intelfpga_lite/17.0/quartus/sopc_builder/bin/europa -I C:/intelfpga_lite/17.0/quartus/sopc_builder/bin/perl_lib -I C:/intelfpga_lite/17.0/quartus/sopc_builder/bin -I C:/intelfpga_lite/17.0/quartus/../ip/altera/sopc_builder_ip/common -I C:/intelfpga_lite/17.0/quartus/../ip/altera/sopc_builder_ip/altera_avalon_onchip_memory2 -- C:/intelfpga_lite/17.0/quartus/../ip/altera/sopc_builder_ip/altera_avalon_onchip_memory2/generate_rtl.pl --name=nios_system_onchip_memory2_0 --dir=C:/Users/hp/AppData/Local/Temp/alt8174_3294450016348747742.dir/0002_onchip_memory2_0_gen/ --quartus_dir=C:/intelfpga_lite/17.0/quartus --verilog --config=C:/Users/hp/AppData/Local/Temp/alt8174_3294450016348747742.dir/0002_onchip_memory2_0_gen//nios_system_onchip_memory2_0_component_configuration.pl  --do_build_sim=0  ]
Info: onchip_memory2_0: Done RTL generation for module 'nios_system_onchip_memory2_0'
Info: onchip_memory2_0: "nios_system" instantiated altera_avalon_onchip_memory2 "onchip_memory2_0"
Info: pio_0: Starting RTL generation for module 'nios_system_pio_0'
Info: pio_0:   Generation command is [exec C:/intelfpga_lite/17.0/quartus/bin64/perl/bin/perl.exe -I C:/intelfpga_lite/17.0/quartus/bin64/perl/lib -I C:/intelfpga_lite/17.0/quartus/sopc_builder/bin/europa -I C:/intelfpga_lite/17.0/quartus/sopc_builder/bin/perl_lib -I C:/intelfpga_lite/17.0/quartus/sopc_builder/bin -I C:/intelfpga_lite/17.0/quartus/../ip/altera/sopc_builder_ip/common -I C:/intelfpga_lite/17.0/quartus/../ip/altera/sopc_builder_ip/altera_avalon_pio -- C:/intelfpga_lite/17.0/quartus/../ip/altera/sopc_builder_ip/altera_avalon_pio/generate_rtl.pl --name=nios_system_pio_0 --dir=C:/Users/hp/AppData/Local/Temp/alt8174_3294450016348747742.dir/0003_pio_0_gen/ --quartus_dir=C:/intelfpga_lite/17.0/quartus --verilog --config=C:/Users/hp/AppData/Local/Temp/alt8174_3294450016348747742.dir/0003_pio_0_gen//nios_system_pio_0_component_configuration.pl  --do_build_sim=0  ]
Info: pio_0: Done RTL generation for module 'nios_system_pio_0'
Info: pio_0: "nios_system" instantiated altera_avalon_pio "pio_0"
Info: sysid_qsys_0: "nios_system" instantiated altera_avalon_sysid_qsys "sysid_qsys_0"
Info: timer_0: Starting RTL generation for module 'nios_system_timer_0'
Info: timer_0:   Generation command is [exec C:/intelFPGA_lite/17.0/quartus/bin64//perl/bin/perl.exe -I C:/intelFPGA_lite/17.0/quartus/bin64//perl/lib -I C:/intelfpga_lite/17.0/quartus/sopc_builder/bin/europa -I C:/intelfpga_lite/17.0/quartus/sopc_builder/bin/perl_lib -I C:/intelfpga_lite/17.0/quartus/sopc_builder/bin -I C:/intelfpga_lite/17.0/quartus/../ip/altera/sopc_builder_ip/common -I C:/intelfpga_lite/17.0/quartus/../ip/altera/sopc_builder_ip/altera_avalon_timer -- C:/intelfpga_lite/17.0/quartus/../ip/altera/sopc_builder_ip/altera_avalon_timer/generate_rtl.pl --name=nios_system_timer_0 --dir=C:/Users/hp/AppData/Local/Temp/alt8174_3294450016348747742.dir/0005_timer_0_gen/ --quartus_dir=C:/intelfpga_lite/17.0/quartus --verilog --config=C:/Users/hp/AppData/Local/Temp/alt8174_3294450016348747742.dir/0005_timer_0_gen//nios_system_timer_0_component_configuration.pl  --do_build_sim=0  ]
Info: timer_0: Done RTL generation for module 'nios_system_timer_0'
Info: timer_0: "nios_system" instantiated altera_avalon_timer "timer_0"
Info: avalon_st_adapter: Inserting error_adapter: error_adapter_0
Info: avalon_st_adapter_001: Inserting error_adapter: error_adapter_0
Info: avalon_st_adapter_002: Inserting error_adapter: error_adapter_0
Info: avalon_st_adapter_003: Inserting error_adapter: error_adapter_0
Info: avalon_st_adapter_004: Inserting error_adapter: error_adapter_0
Info: avalon_st_adapter_005: Inserting error_adapter: error_adapter_0
Info: mm_interconnect_0: "nios_system" instantiated altera_mm_interconnect "mm_interconnect_0"
Info: irq_mapper: "nios_system" instantiated altera_irq_mapper "irq_mapper"
Info: rst_controller: "nios_system" instantiated altera_reset_controller "rst_controller"
Info: cpu: Starting RTL generation for module 'nios_system_nios2_gen2_0_cpu'
Info: cpu:   Generation command is [exec C:/intelFPGA_lite/17.0/quartus/bin64//eperlcmd.exe -I C:/intelFPGA_lite/17.0/quartus/bin64//perl/lib -I C:/intelfpga_lite/17.0/quartus/sopc_builder/bin/europa -I C:/intelfpga_lite/17.0/quartus/sopc_builder/bin/perl_lib -I C:/intelfpga_lite/17.0/quartus/sopc_builder/bin -I C:/intelfpga_lite/17.0/quartus/../ip/altera/nios2_ip/altera_nios2_gen2/cpu_lib -I C:/intelfpga_lite/17.0/quartus/../ip/altera/nios2_ip/altera_nios2_gen2/nios_lib -I C:/intelfpga_lite/17.0/quartus/../ip/altera/nios2_ip/altera_nios2_gen2 -I C:/intelfpga_lite/17.0/quartus/../ip/altera/nios2_ip/altera_nios2_gen2 -- C:/intelfpga_lite/17.0/quartus/../ip/altera/nios2_ip/altera_nios2_gen2/generate_rtl.epl --name=nios_system_nios2_gen2_0_cpu --dir=C:/Users/hp/AppData/Local/Temp/alt8174_3294450016348747742.dir/0008_cpu_gen/ --quartus_bindir=C:/intelFPGA_lite/17.0/quartus/bin64/ --verilog --config=C:/Users/hp/AppData/Local/Temp/alt8174_3294450016348747742.dir/0008_cpu_gen//nios_system_nios2_gen2_0_cpu_processor_configuration.pl  --do_build_sim=0  ]
Info: cpu: # 2019.10.05 19:38:15 (*) Starting Nios II generation
Info: cpu: # 2019.10.05 19:38:15 (*)   Checking for plaintext license.
Info: cpu: # 2019.10.05 19:38:17 (*)   Couldn't query license setup in Quartus directory C:/intelFPGA_lite/17.0/quartus/bin64/
Info: cpu: # 2019.10.05 19:38:17 (*)   Defaulting to contents of LM_LICENSE_FILE environment variable
Info: cpu: # 2019.10.05 19:38:17 (*)   LM_LICENSE_FILE environment variable is empty
Info: cpu: # 2019.10.05 19:38:17 (*)   Plaintext license not found.
Info: cpu: # 2019.10.05 19:38:17 (*)   No license required to generate encrypted Nios II/e.
Info: cpu: # 2019.10.05 19:38:17 (*)   Elaborating CPU configuration settings
Info: cpu: # 2019.10.05 19:38:17 (*)   Creating all objects for CPU
Info: cpu: # 2019.10.05 19:38:19 (*)   Generating RTL from CPU objects
Info: cpu: # 2019.10.05 19:38:19 (*)   Creating plain-text RTL
Info: cpu: # 2019.10.05 19:38:20 (*) Done Nios II generation
Info: cpu: Done RTL generation for module 'nios_system_nios2_gen2_0_cpu'
Info: cpu: "nios2_gen2_0" instantiated altera_nios2_gen2_unit "cpu"
Info: nios2_gen2_0_data_master_translator: "mm_interconnect_0" instantiated altera_merlin_master_translator "nios2_gen2_0_data_master_translator"
Info: jtag_uart_0_avalon_jtag_slave_translator: "mm_interconnect_0" instantiated altera_merlin_slave_translator "jtag_uart_0_avalon_jtag_slave_translator"
Info: nios2_gen2_0_data_master_agent: "mm_interconnect_0" instantiated altera_merlin_master_agent "nios2_gen2_0_data_master_agent"
Info: jtag_uart_0_avalon_jtag_slave_agent: "mm_interconnect_0" instantiated altera_merlin_slave_agent "jtag_uart_0_avalon_jtag_slave_agent"
Info: jtag_uart_0_avalon_jtag_slave_agent_rsp_fifo: "mm_interconnect_0" instantiated altera_avalon_sc_fifo "jtag_uart_0_avalon_jtag_slave_agent_rsp_fifo"
Info: router: "mm_interconnect_0" instantiated altera_merlin_router "router"
Info: router_001: "mm_interconnect_0" instantiated altera_merlin_router "router_001"
Info: router_002: "mm_interconnect_0" instantiated altera_merlin_router "router_002"
Info: router_004: "mm_interconnect_0" instantiated altera_merlin_router "router_004"
Info: cmd_demux: "mm_interconnect_0" instantiated altera_merlin_demultiplexer "cmd_demux"
Info: cmd_demux_001: "mm_interconnect_0" instantiated altera_merlin_demultiplexer "cmd_demux_001"
Info: cmd_mux: "mm_interconnect_0" instantiated altera_merlin_multiplexer "cmd_mux"
Info: cmd_mux_002: "mm_interconnect_0" instantiated altera_merlin_multiplexer "cmd_mux_002"
Info: Reusing file C:/projects/SoC-Nios/nios_system/synthesis/submodules/altera_merlin_arbitrator.sv
Info: rsp_demux: "mm_interconnect_0" instantiated altera_merlin_demultiplexer "rsp_demux"
Info: rsp_mux: "mm_interconnect_0" instantiated altera_merlin_multiplexer "rsp_mux"
Info: Reusing file C:/projects/SoC-Nios/nios_system/synthesis/submodules/altera_merlin_arbitrator.sv
Info: rsp_mux_001: "mm_interconnect_0" instantiated altera_merlin_multiplexer "rsp_mux_001"
Info: Reusing file C:/projects/SoC-Nios/nios_system/synthesis/submodules/altera_merlin_arbitrator.sv
Info: avalon_st_adapter: "mm_interconnect_0" instantiated altera_avalon_st_adapter "avalon_st_adapter"
Info: error_adapter_0: "avalon_st_adapter" instantiated error_adapter "error_adapter_0"
Info: nios_system: Done "nios_system" with 29 modules, 42 files
Info: qsys-generate succeeded.
Info: Finished: Create HDL design files for synthesis
